Determining if the pthread_create exist failed with the following output:
Change Dir: /media/Linux_Data/Code/school/FIT_IVS_PROJECT2/cmake-build-debug/CMakeFiles/CMakeTmp

Run Build Command:"/usr/bin/make" "cmTC_15bc6/fast"
/usr/bin/make -f CMakeFiles/cmTC_15bc6.dir/build.make CMakeFiles/cmTC_15bc6.dir/build
make[1]: Vstupuje se do adresáře „/media/Linux_Data/Code/school/FIT_IVS_PROJECT2/cmake-build-debug/CMakeFiles/CMakeTmp“
Building C object CMakeFiles/cmTC_15bc6.dir/CheckSymbolExists.c.o
/usr/bin/cc    -o CMakeFiles/cmTC_15bc6.dir/CheckSymbolExists.c.o   -c /media/Linux_Data/Code/school/FIT_IVS_PROJECT2/cmake-build-debug/CMakeFiles/CMakeTmp/CheckSymbolExists.c
Linking C executable cmTC_15bc6
/home/matla/.local/share/JetBrains/Toolbox/apps/CLion/ch-0/181.4203.549/bin/cmake/bin/cmake -E cmake_link_script CMakeFiles/cmTC_15bc6.dir/link.txt --verbose=1
/usr/bin/cc      -rdynamic CMakeFiles/cmTC_15bc6.dir/CheckSymbolExists.c.o  -o cmTC_15bc6 
CMakeFiles/cmTC_15bc6.dir/CheckSymbolExists.c.o: In function `main':
CheckSymbolExists.c:(.text+0x16): undefined reference to `pthread_create'
collect2: error: ld returned 1 exit status
CMakeFiles/cmTC_15bc6.dir/build.make:97: návod pro cíl „cmTC_15bc6“ selhal
make[1]: *** [cmTC_15bc6] Chyba 1
make[1]: Opouští se adresář „/media/Linux_Data/Code/school/FIT_IVS_PROJECT2/cmake-build-debug/CMakeFiles/CMakeTmp“
Makefile:126: návod pro cíl „cmTC_15bc6/fast“ selhal
make: *** [cmTC_15bc6/fast] Chyba 2

File /media/Linux_Data/Code/school/FIT_IVS_PROJECT2/cmake-build-debug/CMakeFiles/CMakeTmp/CheckSymbolExists.c:
/* */
#include <pthread.h>

int main(int argc, char** argv)
{
  (void)argv;
#ifndef pthread_create
  return ((int*)(&pthread_create))[argc];
#else
  (void)argc;
  return 0;
#endif
}

